# JRE version: OpenJDK Runtime Environment Temurin-21.0.8+9 (21.0.8+9) (build 21.0.8+9-LTS)
# Java VM: OpenJDK 64-Bit Server VM Temurin-21.0.8+9 (21.0.8+9-LTS, mixed mode, sharing, tiered, compressed oops, compressed class ptrs, parallel gc, windows-amd64)
GC Precious Log:
 CardTable entry size: 512
 CPUs: 8 total, 8 available
 Memory: 8133M
 Large Page Support: Disabled
 NUMA Support: Disabled
 Compressed Oops: Enabled (32-bit)
 Alignments: Space 512K, Generation 512K, Heap 2M
 Heap Min Capacity: 100M
 Heap Initial Capacity: 100M
 Heap Max Capacity: 2G
 Pre-touch: Disabled
 Parallel Workers: 8
Heap:
 PSYoungGen      total 7168K, used 1241K [0x00000000d5580000, 0x00000000d6800000, 0x0000000100000000)
  eden space 6656K, 15% used [0x00000000d5580000,0x00000000d5686658,0x00000000d5c00000)
  from space 512K, 37% used [0x00000000d6780000,0x00000000d67b0000,0x00000000d6800000)
  to   space 512K, 0% used [0x00000000d6700000,0x00000000d6700000,0x00000000d6780000)
 ParOldGen       total 814592K, used 814539K [0x0000000080000000, 0x00000000b1b80000, 0x00000000d5580000)
  object space 814592K, 99% used [0x0000000080000000,0x00000000b1b72c00,0x00000000b1b80000)
 Metaspace       used 87109K, committed 88640K, reserved 1179648K
  class space    used 8952K, committed 9664K, reserved 1048576K
GC Heap History (20 events):
Event: 8336.274 GC heap before
{Heap before GC invocations=853 (full 6):
 PSYoungGen      total 7680K, used 7648K [0x00000000d5580000, 0x00000000d6200000, 0x0000000100000000)
  eden space 7168K, 100% used [0x00000000d5580000,0x00000000d5c80000,0x00000000d5c80000)
  from space 512K, 93% used [0x00000000d6180000,0x00000000d61f8020,0x00000000d6200000)
  to   space 2560K, 0% used [0x00000000d5d00000,0x00000000d5d00000,0x00000000d5f80000)
 ParOldGen       total 723968K, used 723155K [0x0000000080000000, 0x00000000ac300000, 0x00000000d5580000)
  object space 723968K, 99% used [0x0000000080000000,0x00000000ac234c68,0x00000000ac300000)
 Metaspace       used 87035K, committed 88576K, reserved 1179648K
  class space    used 8951K, committed 9664K, reserved 1048576K
}
Event: 8336.280 GC heap after
{Heap after GC invocations=853 (full 6):
 PSYoungGen      total 9728K, used 2560K [0x00000000d5580000, 0x00000000d6d80000, 0x0000000100000000)
  eden space 7168K, 0% used [0x00000000d5580000,0x00000000d5580000,0x00000000d5c80000)
  from space 2560K, 100% used [0x00000000d5d00000,0x00000000d5f80000,0x00000000d5f80000)
  to   space 8704K, 0% used [0x00000000d6500000,0x00000000d6500000,0x00000000d6d80000)
 ParOldGen       total 728576K, used 728147K [0x0000000080000000, 0x00000000ac780000, 0x00000000d5580000)
  object space 728576K, 99% used [0x0000000080000000,0x00000000ac714ca8,0x00000000ac780000)
 Metaspace       used 87035K, committed 88576K, reserved 1179648K
  class space    used 8951K, committed 9664K, reserved 1048576K
}
Event: 8336.310 GC heap before
{Heap before GC invocations=854 (full 6):
 PSYoungGen      total 9728K, used 9368K [0x00000000d5580000, 0x00000000d6d80000, 0x0000000100000000)
  eden space 7168K, 94% used [0x00000000d5580000,0x00000000d5c26228,0x00000000d5c80000)
  from space 2560K, 100% used [0x00000000d5d00000,0x00000000d5f80000,0x00000000d5f80000)
  to   space 8704K, 0% used [0x00000000d6500000,0x00000000d6500000,0x00000000d6d80000)
 ParOldGen       total 728576K, used 728147K [0x0000000080000000, 0x00000000ac780000, 0x00000000d5580000)
  object space 728576K, 99% used [0x0000000080000000,0x00000000ac714ca8,0x00000000ac780000)
 Metaspace       used 87035K, committed 88576K, reserved 1179648K
  class space    used 8951K, committed 9664K, reserved 1048576K
}
Event: 8336.318 GC heap after
{Heap after GC invocations=854 (full 6):
 PSYoungGen      total 13824K, used 6388K [0x00000000d5580000, 0x00000000d6b80000, 0x0000000100000000)
  eden space 7168K, 0% used [0x00000000d5580000,0x00000000d5580000,0x00000000d5c80000)
  from space 6656K, 95% used [0x00000000d6500000,0x00000000d6b3d000,0x00000000d6b80000)
  to   space 7168K, 0% used [0x00000000d5d80000,0x00000000d5d80000,0x00000000d6480000)
 ParOldGen       total 731136K, used 730763K [0x0000000080000000, 0x00000000aca00000, 0x00000000d5580000)
  object space 731136K, 99% used [0x0000000080000000,0x00000000ac9a2ca8,0x00000000aca00000)
 Metaspace       used 87035K, committed 88576K, reserved 1179648K
  class space    used 8951K, committed 9664K, reserved 1048576K
}
Event: 8336.351 GC heap before
{Heap before GC invocations=855 (full 6):
 PSYoungGen      total 13824K, used 13556K [0x00000000d5580000, 0x00000000d6b80000, 0x0000000100000000)
  eden space 7168K, 100% used [0x00000000d5580000,0x00000000d5c80000,0x00000000d5c80000)
  from space 6656K, 95% used [0x00000000d6500000,0x00000000d6b3d000,0x00000000d6b80000)
  to   space 7168K, 0% used [0x00000000d5d80000,0x00000000d5d80000,0x00000000d6480000)
 ParOldGen       total 731136K, used 730763K [0x0000000080000000, 0x00000000aca00000, 0x00000000d5580000)
  object space 731136K, 99% used [0x0000000080000000,0x00000000ac9a2ca8,0x00000000aca00000)
 Metaspace       used 87038K, committed 88576K, reserved 1179648K
  class space    used 8951K, committed 9664K, reserved 1048576K
}
Event: 8336.359 GC heap after
{Heap after GC invocations=855 (full 6):
 PSYoungGen      total 11776K, used 4540K [0x00000000d5580000, 0x00000000d6780000, 0x0000000100000000)
  eden space 7168K, 0% used [0x00000000d5580000,0x00000000d5580000,0x00000000d5c80000)
  from space 4608K, 98% used [0x00000000d5d80000,0x00000000d61ef210,0x00000000d6200000)
  to   space 5632K, 0% used [0x00000000d6200000,0x00000000d6200000,0x00000000d6780000)
 ParOldGen       total 736768K, used 736523K [0x0000000080000000, 0x00000000acf80000, 0x00000000d5580000)
  object space 736768K, 99% used [0x0000000080000000,0x00000000acf42ca8,0x00000000acf80000)
 Metaspace       used 87038K, committed 88576K, reserved 1179648K
  class space    used 8951K, committed 9664K, reserved 1048576K
}
Event: 8336.421 GC heap before
{Heap before GC invocations=856 (full 6):
 PSYoungGen      total 11776K, used 11708K [0x00000000d5580000, 0x00000000d6780000, 0x0000000100000000)
  eden space 7168K, 100% used [0x00000000d5580000,0x00000000d5c80000,0x00000000d5c80000)
  from space 4608K, 98% used [0x00000000d5d80000,0x00000000d61ef210,0x00000000d6200000)
  to   space 5632K, 0% used [0x00000000d6200000,0x00000000d6200000,0x00000000d6780000)
 ParOldGen       total 736768K, used 736523K [0x0000000080000000, 0x00000000acf80000, 0x00000000d5580000)
  object space 736768K, 99% used [0x0000000080000000,0x00000000acf42ca8,0x00000000acf80000)
 Metaspace       used 87057K, committed 88576K, reserved 1179648K
  class space    used 8952K, committed 9664K, reserved 1048576K
}
Event: 8336.426 GC heap after
{Heap after GC invocations=856 (full 6):
 PSYoungGen      total 12288K, used 5509K [0x00000000d5580000, 0x00000000d6880000, 0x0000000100000000)
  eden space 6656K, 0% used [0x00000000d5580000,0x00000000d5580000,0x00000000d5c00000)
  from space 5632K, 97% used [0x00000000d6200000,0x00000000d6761418,0x00000000d6780000)
  to   space 6144K, 0% used [0x00000000d5c00000,0x00000000d5c00000,0x00000000d6200000)
 ParOldGen       total 739840K, used 739667K [0x0000000080000000, 0x00000000ad280000, 0x00000000d5580000)
  object space 739840K, 99% used [0x0000000080000000,0x00000000ad254ca8,0x00000000ad280000)
 Metaspace       used 87057K, committed 88576K, reserved 1179648K
  class space    used 8952K, committed 9664K, reserved 1048576K
}
Event: 8336.444 GC heap before
{Heap before GC invocations=857 (full 6):
 PSYoungGen      total 12288K, used 12135K [0x00000000d5580000, 0x00000000d6880000, 0x0000000100000000)
  eden space 6656K, 99% used [0x00000000d5580000,0x00000000d5bf8870,0x00000000d5c00000)
  from space 5632K, 97% used [0x00000000d6200000,0x00000000d6761418,0x00000000d6780000)
  to   space 6144K, 0% used [0x00000000d5c00000,0x00000000d5c00000,0x00000000d6200000)
 ParOldGen       total 739840K, used 739667K [0x0000000080000000, 0x00000000ad280000, 0x00000000d5580000)
  object space 739840K, 99% used [0x0000000080000000,0x00000000ad254ca8,0x00000000ad280000)
 Metaspace       used 87057K, committed 88576K, reserved 1179648K
  class space    used 8952K, committed 9664K, reserved 1048576K
}
Event: 8336.451 GC heap after
{Heap after GC invocations=857 (full 6):
 PSYoungGen      total 12800K, used 6131K [0x00000000d5580000, 0x00000000d7600000, 0x0000000100000000)
  eden space 6656K, 0% used [0x00000000d5580000,0x00000000d5580000,0x00000000d5c00000)
  from space 6144K, 99% used [0x00000000d5c00000,0x00000000d61fcd70,0x00000000d6200000)
  to   space 13312K, 0% used [0x00000000d6900000,0x00000000d6900000,0x00000000d7600000)
 ParOldGen       total 745984K, used 745634K [0x0000000080000000, 0x00000000ad880000, 0x00000000d5580000)
  object space 745984K, 99% used [0x0000000080000000,0x00000000ad828b40,0x00000000ad880000)
 Metaspace       used 87057K, committed 88576K, reserved 1179648K
  class space    used 8952K, committed 9664K, reserved 1048576K
}
Event: 8354.939 GC heap before
{Heap before GC invocations=858 (full 6):
 PSYoungGen      total 12800K, used 12787K [0x00000000d5580000, 0x00000000d7600000, 0x0000000100000000)
  eden space 6656K, 100% used [0x00000000d5580000,0x00000000d5c00000,0x00000000d5c00000)
  from space 6144K, 99% used [0x00000000d5c00000,0x00000000d61fcd70,0x00000000d6200000)
  to   space 13312K, 0% used [0x00000000d6900000,0x00000000d6900000,0x00000000d7600000)
 ParOldGen       total 777728K, used 776354K [0x0000000080000000, 0x00000000af780000, 0x00000000d5580000)
  object space 777728K, 99% used [0x0000000080000000,0x00000000af628b70,0x00000000af780000)
 Metaspace       used 87067K, committed 88640K, reserved 1179648K
  class space    used 8952K, committed 9664K, reserved 1048576K
}
Event: 8354.947 GC heap after
{Heap after GC invocations=858 (full 6):
 PSYoungGen      total 9216K, used 2240K [0x00000000d5580000, 0x00000000d6b80000, 0x0000000100000000)
  eden space 6656K, 0% used [0x00000000d5580000,0x00000000d5580000,0x00000000d5c00000)
  from space 2560K, 87% used [0x00000000d6900000,0x00000000d6b30020,0x00000000d6b80000)
  to   space 6144K, 0% used [0x00000000d5f80000,0x00000000d5f80000,0x00000000d6580000)
 ParOldGen       total 781824K, used 781362K [0x0000000080000000, 0x00000000afb80000, 0x00000000d5580000)
  object space 781824K, 99% used [0x0000000080000000,0x00000000afb0cb70,0x00000000afb80000)
 Metaspace       used 87067K, committed 88640K, reserved 1179648K
  class space    used 8952K, committed 9664K, reserved 1048576K
}
Event: 8421.894 GC heap before
{Heap before GC invocations=859 (full 6):
 PSYoungGen      total 9216K, used 8896K [0x00000000d5580000, 0x00000000d6b80000, 0x0000000100000000)
  eden space 6656K, 100% used [0x00000000d5580000,0x00000000d5c00000,0x00000000d5c00000)
  from space 2560K, 87% used [0x00000000d6900000,0x00000000d6b30020,0x00000000d6b80000)
  to   space 6144K, 0% used [0x00000000d5f80000,0x00000000d5f80000,0x00000000d6580000)
 ParOldGen       total 813568K, used 812082K [0x0000000080000000, 0x00000000b1a80000, 0x00000000d5580000)
  object space 813568K, 99% used [0x0000000080000000,0x00000000b190cba0,0x00000000b1a80000)
 Metaspace       used 87081K, committed 88640K, reserved 1179648K
  class space    used 8952K, committed 9664K, reserved 1048576K
}
Event: 8421.898 GC heap after
{Heap after GC invocations=859 (full 6):
 PSYoungGen      total 12800K, used 416K [0x00000000d5580000, 0x00000000d6980000, 0x0000000100000000)
  eden space 6656K, 0% used [0x00000000d5580000,0x00000000d5580000,0x00000000d5c00000)
  from space 6144K, 6% used [0x00000000d5f80000,0x00000000d5fe8020,0x00000000d6580000)
  to   space 2048K, 0% used [0x00000000d6780000,0x00000000d6780000,0x00000000d6980000)
 ParOldGen       total 814592K, used 814154K [0x0000000080000000, 0x00000000b1b80000, 0x00000000d5580000)
  object space 814592K, 99% used [0x0000000080000000,0x00000000b1b12ba0,0x00000000b1b80000)
 Metaspace       used 87081K, committed 88640K, reserved 1179648K
  class space    used 8952K, committed 9664K, reserved 1048576K
}
Event: 9246.037 GC heap before
{Heap before GC invocations=860 (full 6):
 PSYoungGen      total 12800K, used 7072K [0x00000000d5580000, 0x00000000d6980000, 0x0000000100000000)
  eden space 6656K, 100% used [0x00000000d5580000,0x00000000d5c00000,0x00000000d5c00000)
  from space 6144K, 6% used [0x00000000d5f80000,0x00000000d5fe8020,0x00000000d6580000)
  to   space 2048K, 0% used [0x00000000d6780000,0x00000000d6780000,0x00000000d6980000)
 ParOldGen       total 814592K, used 814154K [0x0000000080000000, 0x00000000b1b80000, 0x00000000d5580000)
  object space 814592K, 99% used [0x0000000080000000,0x00000000b1b12ba0,0x00000000b1b80000)
 Metaspace       used 87091K, committed 88640K, reserved 1179648K
  class space    used 8952K, committed 9664K, reserved 1048576K
}
Event: 9246.327 GC heap after
{Heap after GC invocations=860 (full 6):
 PSYoungGen      total 7680K, used 612K [0x00000000d5580000, 0x00000000d6880000, 0x0000000100000000)
  eden space 6656K, 0% used [0x00000000d5580000,0x00000000d5580000,0x00000000d5c00000)
  from space 1024K, 59% used [0x00000000d6780000,0x00000000d6819270,0x00000000d6880000)
  to   space 1024K, 0% used [0x00000000d6680000,0x00000000d6680000,0x00000000d6780000)
 ParOldGen       total 814592K, used 814202K [0x0000000080000000, 0x00000000b1b80000, 0x00000000d5580000)
  object space 814592K, 99% used [0x0000000080000000,0x00000000b1b1eba0,0x00000000b1b80000)
 Metaspace       used 87091K, committed 88640K, reserved 1179648K
  class space    used 8952K, committed 9664K, reserved 1048576K
}
Event: 9251.406 GC heap before
{Heap before GC invocations=861 (full 6):
 PSYoungGen      total 7680K, used 7268K [0x00000000d5580000, 0x00000000d6880000, 0x0000000100000000)
  eden space 6656K, 100% used [0x00000000d5580000,0x00000000d5c00000,0x00000000d5c00000)
  from space 1024K, 59% used [0x00000000d6780000,0x00000000d6819270,0x00000000d6880000)
  to   space 1024K, 0% used [0x00000000d6680000,0x00000000d6680000,0x00000000d6780000)
 ParOldGen       total 814592K, used 814202K [0x0000000080000000, 0x00000000b1b80000, 0x00000000d5580000)
  object space 814592K, 99% used [0x0000000080000000,0x00000000b1b1eba0,0x00000000b1b80000)
 Metaspace       used 87104K, committed 88640K, reserved 1179648K
  class space    used 8952K, committed 9664K, reserved 1048576K
}
Event: 9251.416 GC heap after
{Heap after GC invocations=861 (full 6):
 PSYoungGen      total 7680K, used 128K [0x00000000d5580000, 0x00000000d6800000, 0x0000000100000000)
  eden space 6656K, 0% used [0x00000000d5580000,0x00000000d5580000,0x00000000d5c00000)
  from space 1024K, 12% used [0x00000000d6680000,0x00000000d66a0000,0x00000000d6780000)
  to   space 512K, 0% used [0x00000000d6780000,0x00000000d6780000,0x00000000d6800000)
 ParOldGen       total 814592K, used 814491K [0x0000000080000000, 0x00000000b1b80000, 0x00000000d5580000)
  object space 814592K, 99% used [0x0000000080000000,0x00000000b1b66c00,0x00000000b1b80000)
 Metaspace       used 87104K, committed 88640K, reserved 1179648K
  class space    used 8952K, committed 9664K, reserved 1048576K
}
Event: 9252.323 GC heap before
{Heap before GC invocations=862 (full 6):
 PSYoungGen      total 7680K, used 6784K [0x00000000d5580000, 0x00000000d6800000, 0x0000000100000000)
  eden space 6656K, 100% used [0x00000000d5580000,0x00000000d5c00000,0x00000000d5c00000)
  from space 1024K, 12% used [0x00000000d6680000,0x00000000d66a0000,0x00000000d6780000)
  to   space 512K, 0% used [0x00000000d6780000,0x00000000d6780000,0x00000000d6800000)
 ParOldGen       total 814592K, used 814491K [0x0000000080000000, 0x00000000b1b80000, 0x00000000d5580000)
  object space 814592K, 99% used [0x0000000080000000,0x00000000b1b66c00,0x00000000b1b80000)
 Metaspace       used 87108K, committed 88640K, reserved 1179648K
  class space    used 8952K, committed 9664K, reserved 1048576K
}
Event: 9252.332 GC heap after
{Heap after GC invocations=862 (full 6):
 PSYoungGen      total 7168K, used 192K [0x00000000d5580000, 0x00000000d6800000, 0x0000000100000000)
  eden space 6656K, 0% used [0x00000000d5580000,0x00000000d5580000,0x00000000d5c00000)
  from space 512K, 37% used [0x00000000d6780000,0x00000000d67b0000,0x00000000d6800000)
  to   space 512K, 0% used [0x00000000d6700000,0x00000000d6700000,0x00000000d6780000)
 ParOldGen       total 814592K, used 814539K [0x0000000080000000, 0x00000000b1b80000, 0x00000000d5580000)
  object space 814592K, 99% used [0x0000000080000000,0x00000000b1b72c00,0x00000000b1b80000)
 Metaspace       used 87108K, committed 88640K, reserved 1179648K
  class space    used 8952K, committed 9664K, reserved 1048576K
}

